\BOOKMARK [0][-]{section*.1}{\376\377\000S\000u\000p\000e\000r\000v\000i\000s\000i\000n\000g\000\040\000C\000o\000m\000m\000i\000t\000t\000e\000e}{}% 1
\BOOKMARK [0][-]{section*.3}{\376\377\000A\000b\000s\000t\000r\000a\000c\000t}{}% 2
\BOOKMARK [0][-]{chapter.4}{\376\377\000C\000h\000a\000p\000t\000e\000r\000\040\000T\000i\000t\000l\000e\000\040\000H\000e\000r\000e}{}% 3
\BOOKMARK [1][-]{section.5}{\376\377\000M\000a\000i\000n\000\040\000S\000e\000c\000t\000i\000o\000n\000\040\0001}{chapter.4}% 4
\BOOKMARK [2][-]{subsection.6}{\376\377\000S\000u\000b\000s\000e\000c\000t\000i\000o\000n\000\040\0001}{section.5}% 5
\BOOKMARK [2][-]{subsection.7}{\376\377\000S\000u\000b\000s\000e\000c\000t\000i\000o\000n\000\040\0002}{section.5}% 6
\BOOKMARK [1][-]{section.8}{\376\377\000M\000a\000i\000n\000\040\000S\000e\000c\000t\000i\000o\000n\000\040\0002}{chapter.4}% 7
\BOOKMARK [0][-]{chapter.9}{\376\377\000C\000h\000a\000p\000t\000e\000r\000\040\000T\000i\000t\000l\000e\000\040\000H\000e\000r\000e}{}% 8
\BOOKMARK [1][-]{section.10}{\376\377\000M\000a\000i\000n\000\040\000S\000e\000c\000t\000i\000o\000n\000\040\0001}{chapter.9}% 9
\BOOKMARK [2][-]{subsection.11}{\376\377\000S\000u\000b\000s\000e\000c\000t\000i\000o\000n\000\040\0001}{section.10}% 10
\BOOKMARK [2][-]{subsection.12}{\376\377\000S\000u\000b\000s\000e\000c\000t\000i\000o\000n\000\040\0002}{section.10}% 11
\BOOKMARK [1][-]{section.13}{\376\377\000M\000a\000i\000n\000\040\000S\000e\000c\000t\000i\000o\000n\000\040\0002}{chapter.9}% 12
\BOOKMARK [0][-]{chapter.14}{\376\377\000C\000h\000a\000p\000t\000e\000r\000\040\000T\000i\000t\000l\000e\000\040\000H\000e\000r\000e}{}% 13
\BOOKMARK [1][-]{section.15}{\376\377\000M\000a\000i\000n\000\040\000S\000e\000c\000t\000i\000o\000n\000\040\0001}{chapter.14}% 14
\BOOKMARK [2][-]{subsection.16}{\376\377\000S\000u\000b\000s\000e\000c\000t\000i\000o\000n\000\040\0001}{section.15}% 15
\BOOKMARK [2][-]{subsection.17}{\376\377\000S\000u\000b\000s\000e\000c\000t\000i\000o\000n\000\040\0002}{section.15}% 16
\BOOKMARK [1][-]{section.18}{\376\377\000M\000a\000i\000n\000\040\000S\000e\000c\000t\000i\000o\000n\000\040\0002}{chapter.14}% 17
\BOOKMARK [0][-]{chapter.19}{\376\377\000C\000h\000a\000p\000t\000e\000r\000\040\000T\000i\000t\000l\000e\000\040\000H\000e\000r\000e}{}% 18
\BOOKMARK [1][-]{section.20}{\376\377\000M\000a\000i\000n\000\040\000S\000e\000c\000t\000i\000o\000n\000\040\0001}{chapter.19}% 19
\BOOKMARK [2][-]{subsection.21}{\376\377\000S\000u\000b\000s\000e\000c\000t\000i\000o\000n\000\040\0001}{section.20}% 20
\BOOKMARK [2][-]{subsection.22}{\376\377\000S\000u\000b\000s\000e\000c\000t\000i\000o\000n\000\040\0002}{section.20}% 21
\BOOKMARK [1][-]{section.23}{\376\377\000M\000a\000i\000n\000\040\000S\000e\000c\000t\000i\000o\000n\000\040\0002}{chapter.19}% 22
\BOOKMARK [0][-]{chapter.24}{\376\377\000C\000h\000a\000p\000t\000e\000r\000\040\000T\000i\000t\000l\000e\000\040\000H\000e\000r\000e}{}% 23
\BOOKMARK [1][-]{section.25}{\376\377\000M\000a\000i\000n\000\040\000S\000e\000c\000t\000i\000o\000n\000\040\0001}{chapter.24}% 24
\BOOKMARK [2][-]{subsection.26}{\376\377\000S\000u\000b\000s\000e\000c\000t\000i\000o\000n\000\040\0001}{section.25}% 25
\BOOKMARK [2][-]{subsection.27}{\376\377\000S\000u\000b\000s\000e\000c\000t\000i\000o\000n\000\040\0002}{section.25}% 26
\BOOKMARK [1][-]{section.28}{\376\377\000M\000a\000i\000n\000\040\000S\000e\000c\000t\000i\000o\000n\000\040\0002}{chapter.24}% 27
\BOOKMARK [0][-]{chapter.29}{\376\377\000C\000h\000a\000p\000t\000e\000r\000\040\000T\000i\000t\000l\000e\000\040\000H\000e\000r\000e}{}% 28
\BOOKMARK [1][-]{section.30}{\376\377\000W\000e\000l\000c\000o\000m\000e\000\040\000a\000n\000d\000\040\000T\000h\000a\000n\000k\000\040\000Y\000o\000u}{chapter.29}% 29
\BOOKMARK [1][-]{section.31}{\376\377\000L\000e\000a\000r\000n\000i\000n\000g\000\040\000L\000a\000T\000e\000X}{chapter.29}% 30
\BOOKMARK [2][-]{subsection.32}{\376\377\000A\000\040\000\050\000n\000o\000t\000\040\000s\000o\000\040\000s\000h\000o\000r\000t\000\051\000\040\000I\000n\000t\000r\000o\000d\000u\000c\000t\000i\000o\000n\000\040\000t\000o\000\040\000L\000a\000T\000e\000X}{section.31}% 31
\BOOKMARK [2][-]{subsection.33}{\376\377\000A\000\040\000S\000h\000o\000r\000t\000\040\000M\000a\000t\000h\000\040\000G\000u\000i\000d\000e\000\040\000f\000o\000r\000\040\000L\000a\000T\000e\000X}{section.31}% 32
\BOOKMARK [2][-]{subsection.34}{\376\377\000C\000o\000m\000m\000o\000n\000\040\000L\000a\000T\000e\000X\000\040\000M\000a\000t\000h\000\040\000S\000y\000m\000b\000o\000l\000s}{section.31}% 33
\BOOKMARK [2][-]{subsection.35}{\376\377\000L\000a\000T\000e\000X\000\040\000o\000n\000\040\000a\000\040\000M\000a\000c}{section.31}% 34
\BOOKMARK [1][-]{section.36}{\376\377\000G\000e\000t\000t\000i\000n\000g\000\040\000S\000t\000a\000r\000t\000e\000d\000\040\000w\000i\000t\000h\000\040\000t\000h\000i\000s\000\040\000T\000e\000m\000p\000l\000a\000t\000e}{chapter.29}% 35
\BOOKMARK [2][-]{subsection.37}{\376\377\000A\000b\000o\000u\000t\000\040\000t\000h\000i\000s\000\040\000T\000e\000m\000p\000l\000a\000t\000e}{section.36}% 36
\BOOKMARK [1][-]{section.38}{\376\377\000W\000h\000a\000t\000\040\000t\000h\000i\000s\000\040\000T\000e\000m\000p\000l\000a\000t\000e\000\040\000I\000n\000c\000l\000u\000d\000e\000s}{chapter.29}% 37
\BOOKMARK [2][-]{subsection.39}{\376\377\000F\000o\000l\000d\000e\000r\000s}{section.38}% 38
\BOOKMARK [2][-]{subsection.40}{\376\377\000F\000i\000l\000e\000s}{section.38}% 39
\BOOKMARK [1][-]{section.41}{\376\377\000F\000i\000l\000l\000i\000n\000g\000\040\000i\000n\000\040\000Y\000o\000u\000r\000\040\000I\000n\000f\000o\000r\000m\000a\000t\000i\000o\000n\000\040\000i\000n\000\040\000t\000h\000e\000\040\000m\000a\000i\000n\000.\000t\000e\000x\000\040\000F\000i\000l\000e}{chapter.29}% 40
\BOOKMARK [1][-]{section.42}{\376\377\000T\000h\000e\000\040\000m\000a\000i\000n\000.\000t\000e\000x\000\040\000F\000i\000l\000e\000\040\000E\000x\000p\000l\000a\000i\000n\000e\000d}{chapter.29}% 41
\BOOKMARK [1][-]{section.43}{\376\377\000T\000h\000e\000s\000i\000s\000\040\000F\000e\000a\000t\000u\000r\000e\000s\000\040\000a\000n\000d\000\040\000C\000o\000n\000v\000e\000n\000t\000i\000o\000n\000s}{chapter.29}% 42
\BOOKMARK [2][-]{subsection.44}{\376\377\000P\000r\000i\000n\000t\000i\000n\000g\000\040\000F\000o\000r\000m\000a\000t}{section.43}% 43
\BOOKMARK [2][-]{subsection.45}{\376\377\000U\000s\000i\000n\000g\000\040\000U\000S\000\040\000L\000e\000t\000t\000e\000r\000\040\000P\000a\000p\000e\000r}{section.43}% 44
\BOOKMARK [2][-]{subsection.46}{\376\377\000R\000e\000f\000e\000r\000e\000n\000c\000e\000s}{section.43}% 45
\BOOKMARK [3][-]{section*.48}{\376\377\000A\000\040\000N\000o\000t\000e\000\040\000o\000n\000\040\000b\000i\000b\000t\000e\000x}{subsection.46}% 46
\BOOKMARK [2][-]{subsection.49}{\376\377\000T\000a\000b\000l\000e\000s}{section.43}% 47
\BOOKMARK [2][-]{subsection.51}{\376\377\000F\000i\000g\000u\000r\000e\000s}{section.43}% 48
\BOOKMARK [2][-]{subsection.53}{\376\377\000T\000y\000p\000e\000s\000e\000t\000t\000i\000n\000g\000\040\000m\000a\000t\000h\000e\000m\000a\000t\000i\000c\000s}{section.43}% 49
\BOOKMARK [1][-]{section.55}{\376\377\000S\000e\000c\000t\000i\000o\000n\000i\000n\000g\000\040\000a\000n\000d\000\040\000S\000u\000b\000s\000e\000c\000t\000i\000o\000n\000i\000n\000g}{chapter.29}% 50
\BOOKMARK [1][-]{section.56}{\376\377\000I\000n\000\040\000C\000l\000o\000s\000i\000n\000g}{chapter.29}% 51
