\BOOKMARK [0][-]{section*.5}{\376\377\000A\000b\000s\000t\000r\000a\000c\000t}{}% 1
\BOOKMARK [0][-]{chapter*.6}{\376\377\000L\000i\000s\000t\000\040\000o\000f\000\040\000F\000i\000g\000u\000r\000e\000s}{}% 2
\BOOKMARK [0][-]{chapter*.7}{\376\377\000L\000i\000s\000t\000\040\000o\000f\000\040\000T\000a\000b\000l\000e\000s}{}% 3
\BOOKMARK [0][-]{chapter.9}{\376\377\000I\000n\000t\000r\000o\000d\000u\000c\000t\000i\000o\000n}{}% 4
\BOOKMARK [1][-]{section.11}{\376\377\000C\000a\000r\000b\000o\000n\000\040\000N\000a\000n\000o\000w\000i\000r\000e\000s\000\040\000R\000e\000s\000e\000a\000r\000c\000h\000\040\000D\000e\000v\000e\000l\000o\000p\000m\000e\000n\000t\000s\000\040\000i\000n\000\040\000T\000e\000r\000m\000s\000\040\000o\000f\000\040\000P\000u\000b\000l\000i\000s\000h\000e\000d\000\040\000P\000a\000p\000e\000r\000s\000,\000\040\000S\000y\000n\000t\000h\000e\000s\000i\000s\000\040\000a\000n\000d\000\040\000F\000a\000b\000r\000i\000c\000a\000t\000i\000o\000n}{chapter.9}% 5
\BOOKMARK [2][-]{subsection.12}{\376\377\000C\000a\000r\000b\000o\000n\000\040\000a\000n\000d\000\040\000c\000a\000r\000b\000o\000n\000-\000b\000a\000s\000e\000d\000\040\000n\000a\000n\000o\000m\000a\000t\000e\000r\000i\000a\000l\000s}{section.11}% 6
\BOOKMARK [2][-]{subsection.17}{\376\377\000C\000a\000r\000b\000o\000n\000\040\000N\000a\000n\000o\000-\000w\000i\000r\000e\000s}{section.11}% 7
\BOOKMARK [1][-]{section.19}{\376\377\000P\000r\000o\000b\000l\000e\000m\000\040\000d\000e\000f\000i\000n\000i\000t\000i\000o\000n\000\040\000a\000n\000d\000\040\000m\000o\000t\000i\000v\000a\000t\000i\000o\000n}{chapter.9}% 8
\BOOKMARK [1][-]{section.23}{\376\377\000H\000y\000p\000o\000t\000h\000e\000s\000i\000s}{chapter.9}% 9
\BOOKMARK [1][-]{section.24}{\376\377\000R\000e\000s\000e\000a\000r\000c\000h\000\040\000Q\000u\000e\000s\000t\000i\000o\000n\000s}{chapter.9}% 10
\BOOKMARK [1][-]{section.25}{\376\377\000O\000b\000j\000e\000c\000t\000i\000v\000e\000s}{chapter.9}% 11
\BOOKMARK [2][-]{subsection.26}{\376\377\000G\000e\000n\000e\000r\000a\000l\000\040\000o\000b\000j\000e\000c\000t\000i\000v\000e}{section.25}% 12
\BOOKMARK [2][-]{subsection.27}{\376\377\000S\000p\000e\000c\000i\000f\000i\000c\000\040\000o\000b\000j\000e\000c\000t\000i\000v\000e\000s}{section.25}% 13
\BOOKMARK [1][-]{section.28}{\376\377\000D\000i\000s\000s\000e\000r\000t\000a\000t\000i\000o\000n\000\040\000O\000u\000t\000l\000i\000n\000e}{chapter.9}% 14
\BOOKMARK [0][-]{chapter.29}{\376\377\000N\000e\000a\000r\000-\000F\000i\000e\000l\000d\000\040\000E\000l\000e\000c\000t\000r\000o\000s\000p\000i\000n\000n\000i\000n\000g\000\040\000a\000s\000\040\000a\000n\000\040\000A\000f\000f\000o\000r\000d\000a\000b\000l\000e\000\040\000W\000a\000y\000\040\000t\000o\000\040\000G\000a\000i\000n\000\040\000S\000p\000a\000t\000i\000a\000l\000\040\000C\000o\000n\000t\000r\000o\000l}{}% 15
\BOOKMARK [1][-]{section.30}{\376\377\000R\000e\000v\000i\000e\000w\000\040\000o\000f\000\040\000P\000o\000l\000y\000m\000e\000r\000\040\000S\000o\000l\000u\000t\000i\000o\000n\000s\000\040\000f\000o\000r\000\040\000N\000F\000E\000S\000\040\000w\000i\000t\000h\000\040\000S\000p\000a\000t\000i\000a\000l\000\040\000C\000o\000n\000t\000r\000o\000l}{chapter.29}% 16
\BOOKMARK [2][-]{subsection.32}{\376\377\000S\000t\000r\000e\000t\000c\000h\000i\000n\000g\000\040\000f\000o\000r\000c\000e\000s}{section.30}% 17
\BOOKMARK [3][-]{section*.33}{\376\377\000E\000l\000e\000c\000t\000r\000i\000c\000\040\000F\000i\000e\000l\000d}{subsection.32}% 18
\BOOKMARK [3][-]{section*.35}{\376\377\000C\000e\000n\000t\000r\000i\000f\000u\000g\000a\000l\000\040\000f\000o\000r\000c\000e}{subsection.32}% 19
\BOOKMARK [3][-]{section*.37}{\376\377\000B\000l\000o\000w\000i\000n\000g\000\040\000f\000o\000r\000c\000e\000s}{subsection.32}% 20
\BOOKMARK [3][-]{section*.39}{\376\377\000M\000e\000c\000h\000a\000n\000i\000c\000a\000l\000\040\000f\000o\000r\000c\000e}{subsection.32}% 21
\BOOKMARK [3][-]{section*.42}{\376\377\000M\000i\000c\000r\000o\000f\000l\000u\000i\000d\000i\000c\000\040\000f\000o\000r\000c\000e\000s}{subsection.32}% 22
\BOOKMARK [2][-]{subsection.44}{\376\377\000D\000i\000s\000p\000e\000n\000s\000i\000n\000g\000\040\000n\000o\000z\000z\000l\000e}{section.30}% 23
\BOOKMARK [2][-]{subsection.46}{\376\377\000P\000o\000l\000y\000m\000e\000r\000\040\000R\000e\000s\000e\000r\000v\000o\000i\000r\000\040\000\050\000P\000o\000l\000y\000m\000e\000r\000\040\000M\000e\000l\000t\000\040\000\046\000\040\000P\000o\000l\000y\000m\000e\000r\000\040\000S\000o\000l\000u\000t\000i\000o\000n\000\051}{section.30}% 24
\BOOKMARK [2][-]{subsection.48}{\376\377\000P\000o\000l\000y\000m\000e\000r\000\040\000S\000o\000l\000u\000t\000i\000o\000n}{section.30}% 25
\BOOKMARK [3][-]{section*.50}{\376\377\000P\000o\000l\000y\000m\000e\000r\000s}{subsection.48}% 26
\BOOKMARK [3][-]{section*.51}{\376\377\000S\000o\000l\000v\000e\000n\000t\000s}{subsection.48}% 27
\BOOKMARK [1][-]{section.52}{\376\377\000P\000r\000o\000p\000e\000r\000t\000i\000e\000s\000\040\000t\000h\000a\000t\000\040\000I\000m\000p\000r\000o\000v\000e\000\040\000A\000c\000c\000u\000r\000a\000c\000y\000\040\000o\000f\000\040\000N\000a\000n\000o\000-\000F\000i\000b\000e\000r\000\040\000D\000e\000p\000o\000s\000i\000t\000i\000o\000n}{chapter.29}% 28
\BOOKMARK [2][-]{subsection.58}{\376\377\000N\000o\000z\000z\000l\000e\000\040\000s\000p\000i\000n\000n\000e\000r\000e\000t}{section.52}% 29
\BOOKMARK [2][-]{subsection.59}{\376\377\000A\000p\000p\000l\000i\000e\000d\000\040\000V\000o\000l\000t\000a\000g\000e}{section.52}% 30
\BOOKMARK [2][-]{subsection.60}{\376\377\000N\000o\000z\000z\000l\000e\000-\000t\000o\000-\000s\000u\000b\000s\000t\000r\000a\000t\000e\000\040\000d\000i\000s\000t\000a\000n\000c\000e}{section.52}% 31
\BOOKMARK [2][-]{subsection.62}{\376\377\000S\000u\000b\000s\000t\000r\000a\000t\000e}{section.52}% 32
\BOOKMARK [1][-]{section.63}{\376\377\000D\000i\000s\000c\000u\000s\000s\000i\000o\000n\000\040\000\046\000\040\000N\000F\000E\000S\000\040\000C\000h\000a\000l\000l\000e\000n\000g\000e\000s}{chapter.29}% 33
\BOOKMARK [0][-]{chapter.70}{\376\377\000S\000e\000l\000e\000c\000t\000i\000o\000n\000\040\000o\000f\000\040\000C\000o\000m\000p\000a\000t\000i\000b\000l\000e\000\040\000P\000o\000l\000y\000m\000e\000r\000-\000S\000o\000l\000v\000e\000n\000t\000\040\000C\000o\000m\000b\000i\000n\000a\000t\000i\000o\000n\000s\000\040\000f\000o\000r\000\040\000N\000e\000a\000r\000-\000F\000i\000e\000l\000d\000\040\000E\000l\000e\000c\000t\000r\000o\000s\000p\000i\000n\000n\000i\000n\000g\000\040\000a\000n\000d\000\040\000P\000y\000r\000o\000l\000y\000s\000i\000s}{}% 34
\BOOKMARK [1][-]{section.71}{\376\377\000S\000e\000l\000e\000c\000t\000i\000o\000n\000\040\000o\000f\000\040\000C\000a\000n\000d\000i\000d\000a\000t\000e\000\040\000S\000p\000u\000n\000a\000b\000l\000e\000\040\000P\000o\000l\000y\000m\000e\000r\000\040\000S\000o\000l\000u\000t\000i\000o\000n\000s}{chapter.70}% 35
\BOOKMARK [2][-]{subsection.72}{\376\377\000R\000h\000e\000o\000l\000o\000g\000y\000\040\000o\000f\000\040\000c\000a\000n\000d\000i\000d\000a\000t\000e\000\040\000p\000o\000l\000y\000m\000e\000r\000\040\000s\000o\000l\000u\000t\000i\000o\000n\000s}{section.71}% 36
\BOOKMARK [1][-]{section.73}{\376\377\000E\000f\000f\000e\000c\000t\000\040\000o\000f\000\040\000a\000r\000o\000m\000a\000t\000i\000c\000\040\000g\000r\000o\000u\000p\000s\000\040\000i\000n\000\040\000o\000x\000y\000g\000e\000n\000-\000f\000r\000e\000e\000\040\000p\000o\000l\000y\000m\000e\000r\000s\000\040\000i\000n\000\040\000N\000F\000E\000S\000\040\000a\000n\000d\000\040\000P\000y\000r\000o\000l\000y\000s\000i\000s}{chapter.70}% 37
\BOOKMARK [1][-]{section.74}{\376\377\000c\000o\000n\000c\000l\000u\000d\000e\000\040\000w\000i\000t\000h\000\040\000a\000\040\000c\000o\000l\000l\000e\000c\000t\000i\000o\000n\000\040\000o\000f\000\040\000p\000o\000t\000e\000n\000t\000i\000a\000l\000\040\000s\000p\000u\000n\000a\000b\000l\000e\000\040\000p\000o\000l\000y\000m\000e\000r\000\040\000s\000o\000l\000u\000t\000i\000o\000n\000s}{chapter.70}% 38
\BOOKMARK [0][-]{chapter.75}{\376\377\000F\000a\000b\000r\000i\000c\000a\000t\000i\000o\000n\000\040\000a\000n\000d\000\040\000C\000h\000a\000r\000a\000c\000t\000e\000r\000i\000z\000a\000t\000i\000o\000n\000\040\000o\000f\000\040\000P\000o\000l\000y\000m\000e\000r\000i\000c\000\040\000F\000i\000b\000e\000r\000s\000\040\000t\000h\000r\000o\000u\000g\000h\000\040\000N\000e\000a\000r\000-\000F\000i\000e\000l\000d\000\040\000E\000l\000e\000c\000t\000r\000o\000s\000p\000i\000n\000n\000i\000n\000g\000,\000\040\000a\000n\000d\000\040\000F\000o\000r\000w\000a\000r\000d\000-\000t\000h\000i\000n\000k\000i\000n\000g\000\040\000o\000n\000\040\000P\000h\000o\000t\000o\000p\000o\000l\000y\000m\000e\000r\000i\000z\000a\000t\000i\000o\000n\000\040\000a\000n\000d\000\040\000P\000y\000r\000o\000l\000y\000s\000i\000s}{}% 39
\BOOKMARK [1][-]{section.76}{}{chapter.75}% 40
\BOOKMARK [1][-]{section.77}{}{chapter.75}% 41
\BOOKMARK [1][-]{section.78}{\376\377\000F\000a\000b\000r\000i\000c\000a\000t\000i\000o\000n\000\040\000a\000n\000d\000\040\000C\000h\000a\000r\000a\000c\000t\000e\000r\000i\000z\000a\000t\000i\000o\000n\000\040\000o\000f\000\040\000L\000e\000g\000a\000c\000y\000\040\000S\000U\000-\0008\000\040\000c\000a\000r\000b\000o\000n\000\040\000f\000i\000b\000e\000r\000s}{chapter.75}% 42
\BOOKMARK [1][-]{section.79}{\376\377\000C\000o\000m\000p\000a\000r\000i\000s\000o\000n\000\040\000o\000f\000\040\000t\000h\000e\000\040\000O\000b\000t\000a\000i\000n\000e\000d\000\040\000P\000o\000l\000y\000m\000e\000r\000\040\000F\000i\000b\000r\000e\000s\000\040\000A\000g\000a\000i\000n\000s\000t\000\040\000S\000U\0008\000-\000b\000a\000s\000e\000d\000\040\000C\000a\000r\000b\000o\000n\000\040\000F\000i\000b\000r\000e\000s\000\040\000a\000n\000d\000\040\000P\000o\000t\000e\000n\000t\000i\000a\000l\000\040\000A\000p\000p\000l\000i\000c\000a\000t\000i\000o\000n\000s}{chapter.75}% 43
\BOOKMARK [1][-]{section.80}{\376\377\000c\000o\000n\000c\000l\000u\000d\000e\000\040\000w\000i\000t\000h\000\040\000f\000i\000b\000r\000e\000\040\000m\000o\000r\000p\000h\000o\000l\000o\000g\000y\000\040\000b\000e\000f\000o\000r\000e\000\040\000a\000n\000d\000\040\000a\000f\000t\000e\000r\000\040\000p\000y\000r\000o\000l\000y\000s\000i\000s\000.\000\040\000d\000e\000t\000e\000r\000m\000i\000n\000e\000\040\000b\000e\000s\000t\000\040\000p\000y\000r\000o\000l\000y\000s\000i\000s\000\040\000p\000r\000o\000c\000e\000s\000s}{chapter.75}% 44
\BOOKMARK [0][-]{chapter.81}{\376\377\000C\000o\000n\000c\000l\000u\000d\000i\000n\000g\000\040\000R\000e\000m\000a\000r\000k\000s}{}% 45
\BOOKMARK [1][-]{section.82}{}{chapter.81}% 46
\BOOKMARK [1][-]{section.83}{\376\377\000F\000u\000t\000u\000r\000e\000\040\000w\000o\000r\000k}{chapter.81}% 47
\BOOKMARK [0][-]{table.87}{\376\377\000B\000i\000b\000l\000i\000o\000g\000r\000a\000p\000h\000y}{}% 48
\BOOKMARK [0][-]{appendix*.88}{\376\377\000C\000u\000r\000r\000i\000c\000u\000l\000u\000m\000\040\000V\000i\000t\000a\000e}{}% 49
