\BOOKMARK [0][-]{section*.5}{\376\377\000A\000b\000s\000t\000r\000a\000c\000t}{}% 1
\BOOKMARK [0][-]{chapter.6}{\376\377\000I\000n\000t\000r\000o\000d\000u\000c\000t\000i\000o\000n}{}% 2
\BOOKMARK [0][-]{chapter.8}{\376\377\000P\000r\000o\000b\000l\000e\000m\000\040\000D\000e\000f\000i\000n\000i\000t\000i\000o\000n\000\040\000a\000n\000d\000\040\000M\000o\000t\000i\000v\000a\000t\000i\000o\000n}{}% 3
\BOOKMARK [0][-]{chapter.9}{\376\377\000H\000y\000p\000o\000t\000h\000e\000s\000i\000s\000\040\000a\000n\000d\000\040\000R\000e\000s\000e\000a\000r\000c\000h\000\040\000Q\000u\000e\000s\000t\000i\000o\000n\000s}{}% 4
\BOOKMARK [1][-]{section.10}{\376\377\000R\000e\000s\000e\000a\000r\000c\000h\000\040\000H\000y\000p\000o\000t\000h\000e\000s\000i\000s}{chapter.9}% 5
\BOOKMARK [1][-]{section.11}{\376\377\000R\000e\000s\000e\000a\000r\000c\000h\000\040\000Q\000u\000e\000s\000t\000i\000o\000n\000s}{chapter.9}% 6
\BOOKMARK [0][-]{chapter.12}{\376\377\000O\000b\000j\000e\000c\000t\000i\000v\000e\000s}{}% 7
\BOOKMARK [1][-]{section.13}{\376\377\000G\000e\000n\000e\000r\000a\000l\000\040\000o\000b\000j\000e\000c\000t\000i\000v\000e}{chapter.12}% 8
\BOOKMARK [1][-]{section.14}{\376\377\000S\000p\000e\000c\000i\000f\000i\000c\000\040\000o\000b\000j\000e\000c\000t\000i\000v\000e\000s}{chapter.12}% 9
\BOOKMARK [0][-]{chapter.15}{\376\377\000R\000e\000l\000a\000t\000e\000d\000\040\000W\000o\000r\000k}{}% 10
\BOOKMARK [1][-]{section.16}{\376\377\000R\000o\000l\000e\000\040\000o\000f\000\040\000r\000h\000e\000o\000l\000o\000g\000i\000c\000a\000l\000\040\000p\000r\000o\000p\000e\000r\000t\000i\000e\000s\000\040\000i\000n\000\040\000n\000e\000a\000r\000\040\000f\000i\000e\000l\000d\000\040\000e\000l\000e\000c\000t\000r\000o\000s\000p\000u\000n\000\040\000f\000i\000b\000e\000r\000s\000\040\000m\000o\000r\000p\000h\000o\000l\000o\000g\000y\000\040\000F\000l\000o\000r\000e\000s\0002\0000\0001\0007}{chapter.15}% 11
\BOOKMARK [2][-]{subsection.17}{\376\377\000R\000h\000e\000o\000m\000e\000t\000r\000y}{section.16}% 12
\BOOKMARK [3][-]{section*.18}{\376\377\000A\000m\000p\000l\000i\000t\000u\000d\000e\000\040\000S\000w\000e\000e\000p}{subsection.17}% 13
\BOOKMARK [3][-]{section*.20}{\376\377\000F\000r\000e\000q\000u\000e\000n\000c\000y\000\040\000S\000w\000e\000e\000p}{subsection.17}% 14
\BOOKMARK [3][-]{section*.22}{\376\377\000F\000l\000o\000w\000\040\000C\000u\000r\000v\000e}{subsection.17}% 15
\BOOKMARK [2][-]{subsection.24}{\376\377\000S\000a\000m\000p\000l\000e\000\040\000P\000r\000e\000p\000a\000r\000a\000t\000i\000o\000n}{section.16}% 16
\BOOKMARK [2][-]{subsection.26}{\376\377\000R\000h\000e\000o\000l\000o\000g\000i\000c\000a\000l\000\040\000C\000h\000a\000r\000a\000c\000t\000e\000r\000i\000z\000a\000t\000i\000o\000n\000\040\000:\000\040\000A\000m\000p\000l\000i\000t\000u\000d\000e\000\040\000S\000w\000e\000e\000p}{section.16}% 17
\BOOKMARK [2][-]{subsection.30}{\376\377\000R\000h\000e\000o\000l\000o\000g\000i\000c\000a\000l\000\040\000C\000h\000a\000r\000a\000c\000t\000e\000r\000i\000z\000a\000t\000i\000o\000n\000\040\000:\000\040\000F\000l\000o\000w\000\040\000C\000u\000r\000v\000e}{section.16}% 18
\BOOKMARK [2][-]{subsection.34}{\376\377\000R\000h\000e\000o\000l\000o\000g\000i\000c\000a\000l\000\040\000C\000h\000a\000r\000a\000c\000t\000e\000r\000i\000z\000a\000t\000i\000o\000n\000\040\000:\000\040\000F\000r\000e\000q\000u\000e\000n\000c\000y\000\040\000S\000w\000e\000e\000p}{section.16}% 19
\BOOKMARK [1][-]{section.38}{\376\377\000A\000d\000v\000a\000n\000c\000e\000d\000\040\000M\000a\000n\000u\000f\000a\000c\000t\000u\000r\000i\000n\000g\000\040\000T\000e\000c\000h\000n\000i\000q\000u\000e\000s\000\040\000f\000o\000r\000\040\000t\000h\000e\000\040\000F\000a\000b\000r\000i\000c\000a\000t\000i\000o\000n\000\040\000a\000n\000d\000\040\000S\000u\000r\000f\000a\000c\000e\000\040\000M\000o\000d\000i\000f\000i\000c\000a\000t\000i\000o\000n\000\040\000o\000f\000\040\000C\000a\000r\000b\000o\000n\000\040\000N\000a\000n\000o\000w\000i\000r\000e\000s\000\040\000C\000a\000r\000d\000e\000n\000a\000s\0002\0000\0001\0007}{chapter.15}% 20
\BOOKMARK [2][-]{subsection.47}{\376\377\000M\000e\000t\000h\000o\000d\000\040\0001\000\040\000:\000\040}{section.38}% 21
\BOOKMARK [3][-]{section*.48}{\376\377\000S\000U\000-\0008\000\040\0002\0000\0000\0002\000\040\000P\000o\000l\000y\000m\000e\000r\000\040\000S\000o\000l\000u\000t\000i\000o\000n}{subsection.47}% 22
\BOOKMARK [3][-]{section*.49}{\376\377\000D\000e\000p\000o\000s\000i\000t\000i\000o\000n\000\040\000o\000f\000\040\000E\000l\000e\000c\000t\000r\000o\000s\000p\000u\000n\000\040\000S\000U\000-\0008\000\040\0002\0000\0000\0002\000\040\000S\000o\000l\000u\000t\000i\000o\000n}{subsection.47}% 23
\BOOKMARK [2][-]{subsection.50}{\376\377\000M\000e\000t\000h\000o\000d\000\040\0002\000\040\000:\000\040}{section.38}% 24
\BOOKMARK [3][-]{section*.51}{\376\377\000S\000U\000-\0008\000\040\0002\0000\0002\0005\000\040\000P\000o\000l\000y\000m\000e\000r\000\040\000S\000o\000l\000u\000t\000i\000o\000n}{subsection.50}% 25
\BOOKMARK [3][-]{section*.52}{\376\377\000D\000e\000p\000o\000s\000i\000t\000i\000o\000n\000\040\000o\000f\000\040\000E\000l\000e\000c\000t\000r\000o\000s\000p\000u\000n\000\040\000S\000U\000-\0008\000\040\0002\0000\0002\0005\000\040\000S\000o\000l\000u\000t\000i\000o\000n}{subsection.50}% 26
\BOOKMARK [2][-]{subsection.53}{\376\377\000R\000e\000s\000u\000l\000t\000s\000\040\000a\000n\000d\000\040\000D\000i\000s\000c\000u\000s\000s\000i\000o\000n}{section.38}% 27
\BOOKMARK [0][-]{chapter.54}{\376\377\000T\000h\000e\000o\000r\000e\000t\000i\000c\000a\000l\000\040\000F\000r\000a\000m\000e\000w\000o\000r\000k}{}% 28
\BOOKMARK [1][-]{section.55}{\376\377\000P\000h\000o\000t\000o\000r\000e\000s\000i\000s\000t\000s}{chapter.54}% 29
\BOOKMARK [1][-]{section.57}{\376\377\000E\000l\000e\000c\000t\000r\000o\000-\000M\000e\000c\000h\000a\000n\000i\000c\000a\000l\000\040\000S\000p\000i\000n\000n\000i\000n\000g}{chapter.54}% 30
\BOOKMARK [1][-]{section.60}{\376\377\000P\000y\000r\000o\000l\000y\000s\000i\000s}{chapter.54}% 31
\BOOKMARK [1][-]{section.62}{\376\377\000C\000a\000r\000b\000o\000n\000\040\000n\000a\000n\000o\000-\000w\000i\000r\000e}{chapter.54}% 32
\BOOKMARK [1][-]{section.63}{\376\377\000P\000o\000l\000y\000m\000e\000r\000\040\000S\000o\000l\000u\000t\000i\000o\000n\000s}{chapter.54}% 33
\BOOKMARK [1][-]{section.66}{\376\377\000P\000r\000e\000l\000i\000m\000i\000n\000a\000r\000y\000\040\000E\000x\000p\000e\000r\000i\000m\000e\000n\000t\000s}{chapter.54}% 34
\BOOKMARK [2][-]{subsection.67}{\376\377\000M\000a\000t\000e\000r\000i\000a\000l\000s\000\040\000a\000n\000d\000\040\000S\000a\000m\000p\000l\000e\000\040\000P\000r\000e\000p\000a\000r\000a\000t\000i\000o\000n}{section.66}% 35
\BOOKMARK [2][-]{subsection.70}{\376\377\000R\000e\000s\000u\000l\000t\000s}{section.66}% 36
\BOOKMARK [0][-]{chapter.74}{\376\377\000M\000e\000t\000h\000o\000d\000o\000l\000o\000g\000y}{}% 37
\BOOKMARK [1][-]{section.75}{\376\377\000P\000r\000e\000l\000i\000m\000i\000n\000a\000r\000y\000\040\000L\000i\000t\000e\000r\000a\000t\000u\000r\000e\000\040\000R\000e\000v\000i\000e\000w}{chapter.74}% 38
\BOOKMARK [1][-]{section.76}{\376\377\000E\000v\000a\000l\000u\000a\000t\000i\000o\000n\000\040\000o\000f\000\040\000F\000a\000b\000r\000i\000c\000a\000t\000i\000o\000n\000\040\000P\000a\000r\000a\000m\000e\000t\000e\000r\000s}{chapter.74}% 39
\BOOKMARK [1][-]{section.77}{\376\377\000P\000o\000l\000y\000m\000e\000r\000\040\000S\000o\000l\000u\000t\000i\000o\000n\000\040\000D\000e\000s\000i\000g\000n}{chapter.74}% 40
\BOOKMARK [1][-]{section.78}{\376\377\000F\000a\000b\000r\000i\000c\000a\000t\000i\000o\000n\000\040\000o\000f\000\040\000C\000a\000r\000b\000o\000n\000\040\000N\000a\000n\000o\000-\000w\000i\000r\000e\000s}{chapter.74}% 41
\BOOKMARK [1][-]{section.79}{\376\377\000D\000a\000t\000a\000\040\000C\000o\000l\000l\000e\000c\000t\000i\000o\000n\000\040\000a\000n\000d\000\040\000A\000n\000a\000l\000y\000s\000i\000s\000\040\000o\000f\000\040\000R\000e\000s\000u\000l\000t\000s}{chapter.74}% 42
\BOOKMARK [1][-]{section.80}{\376\377\000D\000o\000c\000u\000m\000e\000n\000t\000a\000t\000i\000o\000n}{chapter.74}% 43
\BOOKMARK [0][-]{chapter.81}{\376\377\000W\000o\000r\000k\000\040\000P\000l\000a\000n}{}% 44
