\BOOKMARK [0][-]{section*.1}{\376\377\000S\000u\000p\000e\000r\000v\000i\000s\000i\000n\000g\000\040\000C\000o\000m\000m\000i\000t\000t\000e\000e}{}% 1
\BOOKMARK [0][-]{section*.2}{\376\377\000D\000e\000c\000l\000a\000r\000a\000t\000i\000o\000n\000\040\000o\000f\000\040\000A\000u\000t\000h\000o\000r\000s\000h\000i\000p}{}% 2
\BOOKMARK [0][-]{section*.3}{\376\377\000A\000b\000s\000t\000r\000a\000c\000t}{}% 3
\BOOKMARK [0][-]{section*.4}{\376\377\000A\000c\000k\000n\000o\000w\000l\000e\000d\000g\000e\000m\000e\000n\000t\000s}{}% 4
\BOOKMARK [0][-]{chapter.12}{\376\377\000I\000n\000t\000r\000o\000d\000u\000c\000t\000i\000o\000n}{}% 5
\BOOKMARK [1][-]{section.13}{\376\377\000P\000r\000o\000b\000l\000e\000m\000\040\000d\000e\000f\000i\000n\000i\000t\000i\000o\000n\000\040\000a\000n\000d\000\040\000m\000o\000t\000i\000v\000a\000t\000i\000o\000n}{chapter.12}% 6
\BOOKMARK [1][-]{section.14}{\376\377\000R\000e\000s\000e\000a\000r\000c\000h\000\040\000Q\000u\000e\000s\000t\000i\000o\000n\000s}{chapter.12}% 7
\BOOKMARK [1][-]{section.15}{\376\377\000H\000y\000p\000o\000t\000h\000e\000s\000i\000s}{chapter.12}% 8
\BOOKMARK [1][-]{section.16}{\376\377\000O\000b\000j\000e\000c\000t\000i\000v\000e\000s}{chapter.12}% 9
\BOOKMARK [1][-]{section.17}{\376\377\000D\000i\000s\000s\000e\000r\000t\000a\000t\000i\000o\000n\000\040\000O\000u\000t\000l\000i\000n\000e}{chapter.12}% 10
\BOOKMARK [0][-]{chapter.18}{\376\377\000C\000a\000r\000b\000o\000n\000\040\000N\000a\000n\000o\000w\000i\000r\000e\000s\000\040\000R\000e\000s\000e\000a\000r\000c\000h\000\040\000D\000e\000v\000e\000l\000o\000p\000m\000e\000n\000t\000s\000\040\000i\000n\000\040\000T\000e\000r\000m\000s\000\040\000o\000f\000\040\000P\000u\000b\000l\000i\000s\000h\000e\000d\000\040\000P\000a\000p\000e\000r\000s\000,\000\040\000S\000y\000n\000t\000h\000e\000s\000i\000s\000\040\000a\000n\000d\000\040\000P\000r\000o\000d\000u\000c\000t\000i\000o\000n}{}% 11
\BOOKMARK [1][-]{section.19}{}{chapter.18}% 12
\BOOKMARK [0][-]{chapter.20}{\376\377\000N\000e\000a\000r\000-\000F\000i\000e\000l\000d\000\040\000E\000l\000e\000c\000t\000r\000o\000s\000p\000i\000n\000n\000i\000n\000g\000\040\000a\000s\000\040\000a\000n\000\040\000A\000f\000f\000o\000r\000d\000a\000b\000l\000e\000\040\000W\000a\000y\000\040\000t\000o\000\040\000G\000a\000i\000n\000\040\000S\000p\000a\000t\000i\000a\000l\000\040\000C\000o\000n\000t\000r\000o\000l}{}% 13
\BOOKMARK [1][-]{section.21}{\376\377\000R\000e\000v\000i\000e\000w\000\040\000o\000f\000\040\000P\000o\000l\000y\000m\000e\000r\000\040\000S\000o\000l\000u\000t\000i\000o\000n\000s\000\040\000f\000o\000r\000\040\000N\000F\000E\000S\000\040\000w\000i\000t\000h\000\040\000S\000p\000a\000t\000i\000a\000l\000\040\000C\000o\000n\000t\000r\000o\000l}{chapter.20}% 14
\BOOKMARK [0][-]{chapter.22}{\376\377\000C\000o\000m\000p\000a\000t\000i\000b\000l\000e\000\040\000P\000o\000l\000y\000m\000e\000r\000-\000S\000o\000l\000v\000e\000n\000t\000\040\000C\000o\000m\000b\000i\000n\000a\000t\000i\000o\000n\000s\000\040\000f\000o\000r\000\040\000N\000e\000a\000r\000-\000F\000i\000e\000l\000d\000\040\000E\000l\000e\000c\000t\000r\000o\000s\000p\000i\000n\000n\000i\000n\000g\000\040\000a\000n\000d\000\040\000P\000y\000r\000o\000l\000y\000s\000i\000s}{}% 15
\BOOKMARK [1][-]{section.23}{\376\377\000D\000e\000s\000i\000g\000n\000\040\000a\000n\000d\000\040\000S\000e\000l\000e\000c\000t\000i\000o\000n\000\040\000o\000f\000\040\000C\000a\000n\000d\000i\000d\000a\000t\000e\000\040\000S\000p\000u\000n\000a\000b\000l\000e\000\040\000P\000o\000l\000y\000m\000e\000r\000\040\000S\000o\000l\000u\000t\000i\000o\000n\000s}{chapter.22}% 16
\BOOKMARK [2][-]{subsection.24}{\376\377\000R\000h\000e\000o\000l\000o\000g\000y\000\040\000o\000f\000\040\000c\000a\000n\000d\000i\000d\000a\000t\000e\000\040\000p\000o\000l\000y\000m\000e\000r\000\040\000s\000o\000l\000u\000t\000i\000o\000n\000s}{section.23}% 17
\BOOKMARK [1][-]{section.25}{\376\377\000E\000f\000f\000e\000c\000t\000\040\000o\000f\000\040\000a\000r\000o\000m\000a\000t\000i\000c\000\040\000g\000r\000o\000u\000p\000s\000\040\000i\000n\000\040\000o\000x\000y\000g\000e\000n\000-\000f\000r\000e\000e\000\040\000p\000o\000l\000y\000m\000e\000r\000s\000\040\000i\000n\000\040\000N\000F\000E\000S\000\040\000a\000n\000d\000\040\000P\000y\000r\000o\000l\000y\000s\000i\000s}{chapter.22}% 18
\BOOKMARK [0][-]{chapter.26}{\376\377\000F\000a\000b\000r\000i\000c\000a\000t\000i\000o\000n\000\040\000o\000f\000\040\000P\000o\000l\000y\000m\000e\000r\000i\000c\000\040\000F\000i\000b\000e\000r\000s\000\040\000t\000h\000r\000o\000u\000g\000h\000\040\000N\000e\000a\000r\000-\000F\000i\000e\000l\000d\000\040\000E\000l\000e\000c\000t\000r\000o\000s\000p\000i\000n\000n\000i\000n\000g\000\040\000a\000n\000d\000\040\000P\000h\000o\000t\000o\000p\000o\000l\000y\000m\000e\000r\000i\000z\000a\000t\000i\000o\000n}{}% 19
\BOOKMARK [1][-]{section.27}{}{chapter.26}% 20
\BOOKMARK [0][-]{chapter.28}{\376\377\000F\000a\000b\000r\000i\000c\000a\000t\000i\000o\000n\000\040\000o\000f\000\040\000C\000o\000n\000d\000u\000c\000t\000i\000v\000e\000\040\000C\000a\000r\000b\000o\000n\000\040\000n\000a\000n\000o\000f\000i\000b\000e\000r\000s\000\040\000b\000y\000\040\000P\000y\000r\000o\000l\000y\000s\000i\000s\000\040\000o\000f\000\040\000P\000o\000l\000y\000m\000e\000r\000i\000c\000\040\000F\000i\000b\000e\000r\000s}{}% 21
\BOOKMARK [1][-]{section.29}{}{chapter.28}% 22
\BOOKMARK [0][-]{chapter.30}{\376\377\000C\000o\000m\000p\000a\000r\000i\000s\000o\000n\000\040\000o\000f\000\040\000t\000h\000e\000\040\000C\000a\000r\000b\000o\000n\000\040\000F\000i\000b\000e\000r\000s\000\040\000O\000b\000t\000a\000i\000n\000e\000d\000\040\000A\000g\000a\000i\000n\000s\000t\000\040\000S\000U\0008\000-\000b\000a\000s\000e\000d\000\040\000C\000a\000r\000b\000o\000n\000\040\000F\000i\000b\000e\000r\000s}{}% 23
\BOOKMARK [1][-]{section.31}{\376\377\000F\000a\000b\000r\000i\000c\000a\000t\000i\000o\000n\000\040\000a\000n\000d\000\040\000C\000h\000a\000r\000a\000c\000t\000e\000r\000i\000z\000a\000t\000i\000o\000n\000\040\000o\000f\000\040\000L\000e\000g\000a\000c\000y\000\040\000S\000U\000-\0008\000\040\000c\000a\000r\000b\000o\000n\000\040\000f\000i\000b\000e\000r\000s}{chapter.30}% 24
